<?xml version="1.0" encoding="UTF-8"?>
<!-- Generated by org.testng.reporters.JUnitReportReporter -->
<testsuite name="com.Allergan.nj.NewTest" tests="1" time="5.524" ignored="0" failures="0" timestamp="22 Feb 2021 02:07:29 GMT" skipped="0" hostname="Abdullahs-MBP.fios-router.home" errors="0">
  <testcase name="f" time="5.524" classname="com.Allergan.nj.NewTest"/>
</testsuite> <!-- com.Allergan.nj.NewTest -->
