<?xml version="1.0" encoding="UTF-8"?>
<!-- Generated by org.testng.reporters.JUnitReportReporter -->
<testsuite hostname="Abdullahs-MBP.fios-router.home" name="Demo.DemoTest" tests="3" failures="0" timestamp="13 Feb 2021 03:44:54 GMT" time="5.811" errors="0">
  <testcase name="closeBrowser" time="0.469" classname="Demo.DemoTest"/>
  <testcase name="a_openBrowser" time="5.295" classname="Demo.DemoTest"/>
  <testcase name="b_verifyTitle" time="0.047" classname="Demo.DemoTest"/>
</testsuite> <!-- Demo.DemoTest -->
