<?xml version="1.0" encoding="UTF-8"?>
<!-- Generated by org.testng.reporters.JUnitReportReporter -->
<testsuite hostname="Abdullahs-MBP.fios-router.home" name="GroupTest.DependencyTestUsingAnnotation" tests="2" failures="0" timestamp="14 Feb 2021 03:30:07 GMT" time="0.104" errors="0">
  <testcase name="testSalutationMessage" time="0.100" classname="GroupTest.DependencyTestUsingAnnotation"/>
  <testcase name="initEnvironmentTest" time="0.004" classname="GroupTest.DependencyTestUsingAnnotation"/>
</testsuite> <!-- GroupTest.DependencyTestUsingAnnotation -->
