<?xml version="1.0" encoding="UTF-8"?>
<!-- Generated by org.testng.reporters.JUnitReportReporter -->
<testsuite hostname="Abdullahs-MBP.fios-router.home" name="GroupTest.DP" tests="6" failures="0" timestamp="14 Feb 2021 04:00:31 GMT" time="0.116" errors="0">
  <testcase name="regTer" time="0.002" classname="GroupTest.DP"/>
  <testcase name="regTer" time="0.004" classname="GroupTest.DP"/>
  <testcase name="myTest" time="0.098" classname="GroupTest.DP"/>
  <testcase name="myTest" time="0.003" classname="GroupTest.DP"/>
  <testcase name="regTer" time="0.007" classname="GroupTest.DP"/>
  <testcase name="regTer" time="0.002" classname="GroupTest.DP"/>
</testsuite> <!-- GroupTest.DP -->
