<?xml version="1.0" encoding="UTF-8"?>
<!-- Generated by org.testng.reporters.JUnitReportReporter -->
<testsuite hostname="Abdullahs-MBP.fios-router.home" name="TestNG.Allmethoda" tests="1" failures="0" timestamp="13 Feb 2021 03:44:54 GMT" time="0.033" errors="0">
  <testcase name="f" time="0.033" classname="TestNG.Allmethoda"/>
</testsuite> <!-- TestNG.Allmethoda -->
