<?xml version="1.0" encoding="UTF-8"?>
<!-- Generated by org.testng.reporters.JUnitReportReporter -->
<testsuite hostname="Abdullahs-MBP.fios-router.home" name="ReporterClass.ReportLog" tests="2" failures="0" timestamp="15 Feb 2021 04:00:19 GMT" time="4.446" errors="0">
  <testcase name="openingBrowser" time="4.046" classname="ReporterClass.ReportLog"/>
  <testcase name="closingBrowser" time="0.400" classname="ReporterClass.ReportLog"/>
</testsuite> <!-- ReporterClass.ReportLog -->
