<?xml version="1.0" encoding="UTF-8"?>
<!-- Generated by org.testng.reporters.JUnitReportReporter -->
<testsuite hostname="Abdullahs-MBP.fios-router.home" name="GroupTest.GroupTestExample" tests="2" failures="0" timestamp="14 Feb 2021 03:14:49 GMT" time="0.099" errors="0">
  <testcase name="testSalutationMessage" time="0.094" classname="GroupTest.GroupTestExample"/>
  <testcase name="testingExitMessage" time="0.005" classname="GroupTest.GroupTestExample"/>
</testsuite> <!-- GroupTest.GroupTestExample -->
