<?xml version="1.0" encoding="UTF-8"?>
<!-- Generated by org.testng.reporters.JUnitReportReporter -->
<testsuite name="ParallelTest" tests="2" time="61.707" ignored="0" failures="0" timestamp="22 Feb 2021 04:00:01 GMT" skipped="0" hostname="Abdullahs-MBP.fios-router.home" errors="0">
  <testcase name="openFirefox" time="31.691" classname="ParallelTest"/>
  <testcase name="openChrome" time="30.016" classname="ParallelTest"/>
</testsuite> <!-- ParallelTest -->
