<?xml version="1.0" encoding="UTF-8"?>
<!-- Generated by org.testng.reporters.JUnitReportReporter -->
<testsuite name="com.guru99.test.LoginTest" tests="1" time="2.560" ignored="0" failures="0" timestamp="27 Feb 2021 04:04:37 GMT" skipped="0" hostname="Abdullahs-MBP.fios-router.home" errors="0">
  <testcase name="logTest" time="2.560" classname="com.guru99.test.LoginTest"/>
</testsuite> <!-- com.guru99.test.LoginTest -->
