<?xml version="1.0" encoding="UTF-8"?>
<!-- Generated by org.testng.reporters.JUnitReportReporter -->
<testsuite name="com.saucedemo.test.ProductTesting" tests="2" time="1.361" ignored="0" failures="0" timestamp="28 Feb 2021 03:46:53 GMT" skipped="0" hostname="Abdullahs-MBP.fios-router.home" errors="0">
  <testcase name="login" time="0.618" classname="com.saucedemo.test.ProductTesting"/>
  <testcase name="buyProduct" time="0.743" classname="com.saucedemo.test.ProductTesting"/>
</testsuite> <!-- com.saucedemo.test.ProductTesting -->
