<?xml version="1.0" encoding="UTF-8"?>
<!-- Generated by org.testng.reporters.JUnitReportReporter -->
<testsuite name="com.Allergan.FirstMavenProject.MyChromeProject" tests="1" time="16.071" ignored="0" failures="0" timestamp="22 Feb 2021 03:05:02 GMT" skipped="0" hostname="Abdullahs-MBP.fios-router.home" errors="0">
  <testcase name="OpenChromeBrowser" time="16.071" classname="com.Allergan.FirstMavenProject.MyChromeProject"/>
</testsuite> <!-- com.Allergan.FirstMavenProject.MyChromeProject -->
